2021-09-12 02:39:17,044 INFO Connection established to database.
2021-09-12 14:49:49,291 INFO Connection established to database.
2021-09-12 15:08:13,095 INFO Connection established to database.
2021-09-12 16:29:07,060 INFO Connection established to database.
2021-09-13 11:18:57,929 INFO Connection established to database.
2021-09-13 12:58:20,125 INFO Running truth discovery for 10 iterations.
2021-09-13 12:58:20,126 INFO Iteration = 0
2021-09-13 12:58:20,127 INFO Source weights = {'Working Experience': {'cnn.com': 1.0, 'internsteps.com': 1.0, 'pro-profiles.com': 1.0, 'find.jobs': 1.0}, 'Education': {'cnn.com': 1.0, 'internsteps.com': 1.0, 'pro-profiles.com': 1.0, 'find.jobs': 1.0}, 'Skills': {'cnn.com': 1.0, 'internsteps.com': 1.0, 'pro-profiles.com': 1.0, 'find.jobs': 1.0}, 'Name': {'cnn.com': 1.0, 'internsteps.com': 1.0, 'pro-profiles.com': 1.0, 'find.jobs': 1.0}}
2021-09-13 12:58:20,147 INFO Iteration = 1
2021-09-13 12:58:20,148 INFO Source weights = {'Working Experience': {'cnn.com': 3.7376696182833666, 'internsteps.com': 0.0, 'pro-profiles.com': 1.5125880864441825, 'find.jobs': 2.8763855159214247}, 'Education': {'cnn.com': 2.2402663285947875, 'internsteps.com': 1.9299098077088717, 'pro-profiles.com': 1.3862943611198908, 'find.jobs': 0.0}, 'Skills': {'cnn.com': 0.33842060547916747, 'internsteps.com': 1.949226901681307, 'pro-profiles.com': 0.0, 'find.jobs': 2.2512917986064953}, 'Name': {'cnn.com': 4.595119850134589, 'internsteps.com': 4.595119850134589, 'pro-profiles.com': 4.595119850134589, 'find.jobs': 4.595119850134589}}
2021-09-13 12:58:20,166 INFO Iteration = 2
2021-09-13 12:58:20,167 INFO Source weights = {'Working Experience': {'cnn.com': 5.365976015021855, 'internsteps.com': 0.0, 'pro-profiles.com': 1.0986122886681098, 'find.jobs': 2.2735975561207926}, 'Education': {'cnn.com': 4.595119850134589, 'internsteps.com': 0.31237468504215243, 'pro-profiles.com': 0.06317890162153188, 'find.jobs': 0.0}, 'Skills': {'cnn.com': 0.08527891770220872, 'internsteps.com': 4.0342406381523945, 'pro-profiles.com': 0.0, 'find.jobs': 2.7182543712764518}, 'Name': {'cnn.com': 4.595119850134589, 'internsteps.com': 4.595119850134589, 'pro-profiles.com': 4.595119850134589, 'find.jobs': 4.595119850134589}}
2021-09-13 12:58:20,186 INFO Iteration = 3
2021-09-13 12:58:20,187 INFO Source weights = {'Working Experience': {'cnn.com': 4.595119850134589, 'internsteps.com': 0.0, 'pro-profiles.com': 0.9555114450274362, 'find.jobs': 1.9924301646902063}, 'Education': {'cnn.com': 4.595119850134589, 'internsteps.com': 0.31237468504215243, 'pro-profiles.com': 0.06317890162153188, 'find.jobs': 0.0}, 'Skills': {'cnn.com': 0.05114751116694121, 'internsteps.com': 4.595119850134589, 'pro-profiles.com': 0.0, 'find.jobs': 2.307834448880189}, 'Name': {'cnn.com': 4.595119850134589, 'internsteps.com': 4.595119850134589, 'pro-profiles.com': 4.595119850134589, 'find.jobs': 4.595119850134589}}
2021-09-13 12:58:20,204 INFO Iteration = 4
2021-09-13 12:58:20,205 INFO Source weights = {'Working Experience': {'cnn.com': 4.595119850134589, 'internsteps.com': 0.0, 'pro-profiles.com': 0.9555114450274362, 'find.jobs': 1.9924301646902063}, 'Education': {'cnn.com': 4.595119850134589, 'internsteps.com': 0.31237468504215243, 'pro-profiles.com': 0.06317890162153188, 'find.jobs': 0.0}, 'Skills': {'cnn.com': 0.05114751116694121, 'internsteps.com': 4.595119850134589, 'pro-profiles.com': 0.0, 'find.jobs': 2.307834448880189}, 'Name': {'cnn.com': 4.595119850134589, 'internsteps.com': 4.595119850134589, 'pro-profiles.com': 4.595119850134589, 'find.jobs': 4.595119850134589}}
2021-09-13 12:58:20,226 INFO Iteration = 5
2021-09-13 12:58:20,229 INFO Source weights = {'Working Experience': {'cnn.com': 4.595119850134589, 'internsteps.com': 0.0, 'pro-profiles.com': 0.9555114450274362, 'find.jobs': 1.9924301646902063}, 'Education': {'cnn.com': 4.595119850134589, 'internsteps.com': 0.31237468504215243, 'pro-profiles.com': 0.06317890162153188, 'find.jobs': 0.0}, 'Skills': {'cnn.com': 0.05114751116694121, 'internsteps.com': 4.595119850134589, 'pro-profiles.com': 0.0, 'find.jobs': 2.307834448880189}, 'Name': {'cnn.com': 4.595119850134589, 'internsteps.com': 4.595119850134589, 'pro-profiles.com': 4.595119850134589, 'find.jobs': 4.595119850134589}}
2021-09-13 12:58:20,247 INFO Iteration = 6
2021-09-13 12:58:20,248 INFO Source weights = {'Working Experience': {'cnn.com': 4.595119850134589, 'internsteps.com': 0.0, 'pro-profiles.com': 0.9555114450274362, 'find.jobs': 1.9924301646902063}, 'Education': {'cnn.com': 4.595119850134589, 'internsteps.com': 0.31237468504215243, 'pro-profiles.com': 0.06317890162153188, 'find.jobs': 0.0}, 'Skills': {'cnn.com': 0.05114751116694121, 'internsteps.com': 4.595119850134589, 'pro-profiles.com': 0.0, 'find.jobs': 2.307834448880189}, 'Name': {'cnn.com': 4.595119850134589, 'internsteps.com': 4.595119850134589, 'pro-profiles.com': 4.595119850134589, 'find.jobs': 4.595119850134589}}
2021-09-13 12:58:20,267 INFO Iteration = 7
2021-09-13 12:58:20,268 INFO Source weights = {'Working Experience': {'cnn.com': 4.595119850134589, 'internsteps.com': 0.0, 'pro-profiles.com': 0.9555114450274362, 'find.jobs': 1.9924301646902063}, 'Education': {'cnn.com': 4.595119850134589, 'internsteps.com': 0.31237468504215243, 'pro-profiles.com': 0.06317890162153188, 'find.jobs': 0.0}, 'Skills': {'cnn.com': 0.05114751116694121, 'internsteps.com': 4.595119850134589, 'pro-profiles.com': 0.0, 'find.jobs': 2.307834448880189}, 'Name': {'cnn.com': 4.595119850134589, 'internsteps.com': 4.595119850134589, 'pro-profiles.com': 4.595119850134589, 'find.jobs': 4.595119850134589}}
2021-09-13 12:58:20,286 INFO Iteration = 8
2021-09-13 12:58:20,287 INFO Source weights = {'Working Experience': {'cnn.com': 4.595119850134589, 'internsteps.com': 0.0, 'pro-profiles.com': 0.9555114450274362, 'find.jobs': 1.9924301646902063}, 'Education': {'cnn.com': 4.595119850134589, 'internsteps.com': 0.31237468504215243, 'pro-profiles.com': 0.06317890162153188, 'find.jobs': 0.0}, 'Skills': {'cnn.com': 0.05114751116694121, 'internsteps.com': 4.595119850134589, 'pro-profiles.com': 0.0, 'find.jobs': 2.307834448880189}, 'Name': {'cnn.com': 4.595119850134589, 'internsteps.com': 4.595119850134589, 'pro-profiles.com': 4.595119850134589, 'find.jobs': 4.595119850134589}}
2021-09-13 12:58:20,305 INFO Iteration = 9
2021-09-13 12:58:20,305 INFO Source weights = {'Working Experience': {'cnn.com': 4.595119850134589, 'internsteps.com': 0.0, 'pro-profiles.com': 0.9555114450274362, 'find.jobs': 1.9924301646902063}, 'Education': {'cnn.com': 4.595119850134589, 'internsteps.com': 0.31237468504215243, 'pro-profiles.com': 0.06317890162153188, 'find.jobs': 0.0}, 'Skills': {'cnn.com': 0.05114751116694121, 'internsteps.com': 4.595119850134589, 'pro-profiles.com': 0.0, 'find.jobs': 2.307834448880189}, 'Name': {'cnn.com': 4.595119850134589, 'internsteps.com': 4.595119850134589, 'pro-profiles.com': 4.595119850134589, 'find.jobs': 4.595119850134589}}
2021-09-13 12:58:29,292 INFO Running fusion for 10 iterations.
2021-09-13 12:58:29,294 INFO Iteration = 0
2021-09-13 12:58:29,294 INFO Source weights = {'Working Experience': {'cnn.com': 1.0, 'internsteps.com': 1.0, 'pro-profiles.com': 1.0, 'find.jobs': 1.0}, 'Education': {'cnn.com': 1.0, 'internsteps.com': 1.0, 'pro-profiles.com': 1.0, 'find.jobs': 1.0}, 'Skills': {'cnn.com': 1.0, 'internsteps.com': 1.0, 'pro-profiles.com': 1.0, 'find.jobs': 1.0}, 'Name': {'cnn.com': 1.0, 'internsteps.com': 1.0, 'pro-profiles.com': 1.0, 'find.jobs': 1.0}}
2021-09-13 12:58:30,970 INFO Iteration = 1
2021-09-13 12:58:30,971 INFO Source weights = {'Working Experience': {'cnn.com': 4.751598819721454, 'internsteps.com': 4.595119850134589, 'pro-profiles.com': 4.0073331852324685, 'find.jobs': 3.9269116179218924}, 'Education': {'cnn.com': 2.640902916112677, 'internsteps.com': 2.3978952727983702, 'pro-profiles.com': 2.1639989297078968, 'find.jobs': 4.595119850134589}, 'Skills': {'cnn.com': 2.16188521089091, 'internsteps.com': 2.9873640238834733, 'pro-profiles.com': 4.595119850134589, 'find.jobs': 2.867898902044107}, 'Name': {'cnn.com': 4.595119850134589, 'internsteps.com': 4.595119850134589, 'pro-profiles.com': 4.595119850134589, 'find.jobs': 4.595119850134589}}
2021-09-13 12:58:31,897 INFO Iteration = 2
2021-09-13 12:58:31,898 INFO Source weights = {'Working Experience': {'cnn.com': 5.240423388129168, 'internsteps.com': 4.595119850134589, 'pro-profiles.com': 3.1354942159291506, 'find.jobs': 3.352407217492719}, 'Education': {'cnn.com': 2.898882447564076, 'internsteps.com': 1.6094379124341007, 'pro-profiles.com': 1.3862943611198895, 'find.jobs': 4.595119850134589}, 'Skills': {'cnn.com': 2.00470628252175, 'internsteps.com': 4.820281565605036, 'pro-profiles.com': 4.595119850134589, 'find.jobs': 4.521788577049041}, 'Name': {'cnn.com': 4.595119850134589, 'internsteps.com': 4.595119850134589, 'pro-profiles.com': 4.595119850134589, 'find.jobs': 4.595119850134589}}
2021-09-13 12:58:32,802 INFO Iteration = 3
2021-09-13 12:58:32,803 INFO Source weights = {'Working Experience': {'cnn.com': 5.240423388129168, 'internsteps.com': 4.595119850134589, 'pro-profiles.com': 3.1354942159291506, 'find.jobs': 3.352407217492719}, 'Education': {'cnn.com': 2.910537427490764, 'internsteps.com': 1.6094379124341007, 'pro-profiles.com': 1.3121863889661671, 'find.jobs': 4.595119850134589}, 'Skills': {'cnn.com': 2.00470628252175, 'internsteps.com': 4.820281565605036, 'pro-profiles.com': 4.595119850134589, 'find.jobs': 4.521788577049041}, 'Name': {'cnn.com': 4.595119850134589, 'internsteps.com': 4.595119850134589, 'pro-profiles.com': 4.595119850134589, 'find.jobs': 4.595119850134589}}
2021-09-13 12:58:33,725 INFO Iteration = 4
2021-09-13 12:58:33,726 INFO Source weights = {'Working Experience': {'cnn.com': 5.240423388129168, 'internsteps.com': 4.595119850134589, 'pro-profiles.com': 3.1354942159291506, 'find.jobs': 3.352407217492719}, 'Education': {'cnn.com': 2.910537427490764, 'internsteps.com': 1.6094379124341007, 'pro-profiles.com': 1.3121863889661671, 'find.jobs': 4.595119850134589}, 'Skills': {'cnn.com': 2.00470628252175, 'internsteps.com': 4.820281565605036, 'pro-profiles.com': 4.595119850134589, 'find.jobs': 4.521788577049041}, 'Name': {'cnn.com': 4.595119850134589, 'internsteps.com': 4.595119850134589, 'pro-profiles.com': 4.595119850134589, 'find.jobs': 4.595119850134589}}
2021-09-13 12:58:34,647 INFO Iteration = 5
2021-09-13 12:58:34,648 INFO Source weights = {'Working Experience': {'cnn.com': 5.240423388129168, 'internsteps.com': 4.595119850134589, 'pro-profiles.com': 3.1354942159291506, 'find.jobs': 3.352407217492719}, 'Education': {'cnn.com': 2.910537427490764, 'internsteps.com': 1.6094379124341007, 'pro-profiles.com': 1.3121863889661671, 'find.jobs': 4.595119850134589}, 'Skills': {'cnn.com': 2.00470628252175, 'internsteps.com': 4.820281565605036, 'pro-profiles.com': 4.595119850134589, 'find.jobs': 4.521788577049041}, 'Name': {'cnn.com': 4.595119850134589, 'internsteps.com': 4.595119850134589, 'pro-profiles.com': 4.595119850134589, 'find.jobs': 4.595119850134589}}
2021-09-13 12:58:35,590 INFO Iteration = 6
2021-09-13 12:58:35,591 INFO Source weights = {'Working Experience': {'cnn.com': 5.240423388129168, 'internsteps.com': 4.595119850134589, 'pro-profiles.com': 3.1354942159291506, 'find.jobs': 3.352407217492719}, 'Education': {'cnn.com': 2.910537427490764, 'internsteps.com': 1.6094379124341007, 'pro-profiles.com': 1.3121863889661671, 'find.jobs': 4.595119850134589}, 'Skills': {'cnn.com': 2.00470628252175, 'internsteps.com': 4.820281565605036, 'pro-profiles.com': 4.595119850134589, 'find.jobs': 4.521788577049041}, 'Name': {'cnn.com': 4.595119850134589, 'internsteps.com': 4.595119850134589, 'pro-profiles.com': 4.595119850134589, 'find.jobs': 4.595119850134589}}
2021-09-13 12:58:36,532 INFO Iteration = 7
2021-09-13 12:58:36,533 INFO Source weights = {'Working Experience': {'cnn.com': 5.240423388129168, 'internsteps.com': 4.595119850134589, 'pro-profiles.com': 3.1354942159291506, 'find.jobs': 3.352407217492719}, 'Education': {'cnn.com': 2.910537427490764, 'internsteps.com': 1.6094379124341007, 'pro-profiles.com': 1.3121863889661671, 'find.jobs': 4.595119850134589}, 'Skills': {'cnn.com': 2.00470628252175, 'internsteps.com': 4.820281565605036, 'pro-profiles.com': 4.595119850134589, 'find.jobs': 4.521788577049041}, 'Name': {'cnn.com': 4.595119850134589, 'internsteps.com': 4.595119850134589, 'pro-profiles.com': 4.595119850134589, 'find.jobs': 4.595119850134589}}
2021-09-13 12:58:37,484 INFO Iteration = 8
2021-09-13 12:58:37,484 INFO Source weights = {'Working Experience': {'cnn.com': 5.240423388129168, 'internsteps.com': 4.595119850134589, 'pro-profiles.com': 3.1354942159291506, 'find.jobs': 3.352407217492719}, 'Education': {'cnn.com': 2.910537427490764, 'internsteps.com': 1.6094379124341007, 'pro-profiles.com': 1.3121863889661671, 'find.jobs': 4.595119850134589}, 'Skills': {'cnn.com': 2.00470628252175, 'internsteps.com': 4.820281565605036, 'pro-profiles.com': 4.595119850134589, 'find.jobs': 4.521788577049041}, 'Name': {'cnn.com': 4.595119850134589, 'internsteps.com': 4.595119850134589, 'pro-profiles.com': 4.595119850134589, 'find.jobs': 4.595119850134589}}
2021-09-13 12:58:38,431 INFO Iteration = 9
2021-09-13 12:58:38,432 INFO Source weights = {'Working Experience': {'cnn.com': 5.240423388129168, 'internsteps.com': 4.595119850134589, 'pro-profiles.com': 3.1354942159291506, 'find.jobs': 3.352407217492719}, 'Education': {'cnn.com': 2.910537427490764, 'internsteps.com': 1.6094379124341007, 'pro-profiles.com': 1.3121863889661671, 'find.jobs': 4.595119850134589}, 'Skills': {'cnn.com': 2.00470628252175, 'internsteps.com': 4.820281565605036, 'pro-profiles.com': 4.595119850134589, 'find.jobs': 4.521788577049041}, 'Name': {'cnn.com': 4.595119850134589, 'internsteps.com': 4.595119850134589, 'pro-profiles.com': 4.595119850134589, 'find.jobs': 4.595119850134589}}
