2021-09-14 13:42:13,724 INFO Connection established to database.
2021-09-14 13:56:12,304 INFO Connection established to database.
2021-09-14 17:56:41,138 INFO Connection established to database.
2021-09-14 18:21:44,996 INFO Connection established to database.
2021-09-14 18:34:24,639 INFO Connection established to database.
2021-09-14 18:43:37,477 INFO Connection established to database.
2021-09-15 17:55:36,769 INFO Connection established to database.
2021-09-16 02:17:47,429 INFO Connection established to database.
2021-09-16 09:54:20,296 INFO Connection established to database.
2021-09-16 12:32:48,842 INFO Connection established to database.
2021-09-16 12:39:35,878 INFO Connection established to database.
2021-09-16 12:48:30,478 INFO Connection established to database.
2021-09-16 12:48:30,478 INFO Connection established to database.
2021-09-16 12:50:47,474 INFO Connection established to database.
2021-09-16 12:50:47,474 INFO Connection established to database.
2021-09-16 12:50:47,474 INFO Connection established to database.
2021-09-16 12:53:52,334 INFO Connection established to database.
2021-09-16 12:59:04,841 INFO Connection established to database.
2021-09-16 12:59:04,841 INFO Connection established to database.
2021-09-16 12:59:16,649 INFO Connection established to database.
2021-09-16 12:59:16,649 INFO Connection established to database.
2021-09-16 12:59:16,649 INFO Connection established to database.
2021-09-16 13:00:24,642 INFO Connection established to database.
2021-09-16 13:00:24,642 INFO Connection established to database.
2021-09-16 13:00:24,642 INFO Connection established to database.
2021-09-16 13:00:24,642 INFO Connection established to database.
2021-09-16 13:02:43,045 INFO Connection established to database.
2021-09-16 13:02:43,045 INFO Connection established to database.
2021-09-16 13:02:43,045 INFO Connection established to database.
2021-09-16 13:02:43,045 INFO Connection established to database.
2021-09-16 13:02:43,045 INFO Connection established to database.
2021-09-16 13:47:21,548 INFO Connection established to database.
2021-09-16 14:04:14,802 INFO Connection established to database.
2021-09-16 14:49:11,178 INFO Connection established to database.
2021-09-16 23:30:13,496 INFO Connection established to database.
2021-09-17 00:18:37,814 INFO Connection established to database.
2021-09-17 00:18:37,814 INFO Connection established to database.
2021-09-17 00:23:46,796 INFO Running truth discovery for 10 iterations.
2021-09-17 00:23:46,796 INFO Running truth discovery for 10 iterations.
2021-09-17 00:23:46,797 INFO Iteration = 0
2021-09-17 00:23:46,797 INFO Iteration = 0
2021-09-17 00:23:46,798 INFO Source weights = {'Education': {'find.jobs': 1.0, 'internsteps.com': 1.0, 'pro-profiles.com': 1.0, 'pipl.com': 1.0}, 'Location': {'find.jobs': 1.0, 'internsteps.com': 1.0, 'pro-profiles.com': 1.0, 'pipl.com': 1.0}, 'Working Experience': {'find.jobs': 1.0, 'internsteps.com': 1.0, 'pro-profiles.com': 1.0, 'pipl.com': 1.0}, 'Name': {'find.jobs': 1.0, 'internsteps.com': 1.0, 'pro-profiles.com': 1.0, 'pipl.com': 1.0}}
2021-09-17 00:23:46,798 INFO Source weights = {'Education': {'find.jobs': 1.0, 'internsteps.com': 1.0, 'pro-profiles.com': 1.0, 'pipl.com': 1.0}, 'Location': {'find.jobs': 1.0, 'internsteps.com': 1.0, 'pro-profiles.com': 1.0, 'pipl.com': 1.0}, 'Working Experience': {'find.jobs': 1.0, 'internsteps.com': 1.0, 'pro-profiles.com': 1.0, 'pipl.com': 1.0}, 'Name': {'find.jobs': 1.0, 'internsteps.com': 1.0, 'pro-profiles.com': 1.0, 'pipl.com': 1.0}}
2021-09-17 00:23:46,805 INFO Iteration = 1
2021-09-17 00:23:46,805 INFO Iteration = 1
2021-09-17 00:23:46,807 INFO Source weights = {'Education': {'find.jobs': 2.8763855159214247, 'internsteps.com': 2.2735975561207926, 'pro-profiles.com': 1.8718021769015918, 'pipl.com': 3.5973122605884478}, 'Location': {'find.jobs': 1.2452157628599851, 'internsteps.com': 1.7117167615545186, 'pro-profiles.com': 1.7117167615545186, 'pipl.com': 1.1143606456362487}, 'Working Experience': {'find.jobs': 2.8094026953624986, 'internsteps.com': 2.6149597780361975, 'pro-profiles.com': 1.9459101490553132, 'pipl.com': 2.3025850929940455}, 'Name': {'find.jobs': 0.9267620317414502, 'internsteps.com': 1.4240346891027376, 'pro-profiles.com': 2.517696472610991, 'pipl.com': 2.517696472610991}}
2021-09-17 00:23:46,807 INFO Source weights = {'Education': {'find.jobs': 2.8763855159214247, 'internsteps.com': 2.2735975561207926, 'pro-profiles.com': 1.8718021769015918, 'pipl.com': 3.5973122605884478}, 'Location': {'find.jobs': 1.2452157628599851, 'internsteps.com': 1.7117167615545186, 'pro-profiles.com': 1.7117167615545186, 'pipl.com': 1.1143606456362487}, 'Working Experience': {'find.jobs': 2.8094026953624986, 'internsteps.com': 2.6149597780361975, 'pro-profiles.com': 1.9459101490553132, 'pipl.com': 2.3025850929940455}, 'Name': {'find.jobs': 0.9267620317414502, 'internsteps.com': 1.4240346891027376, 'pro-profiles.com': 2.517696472610991, 'pipl.com': 2.517696472610991}}
2021-09-17 00:23:46,813 INFO Iteration = 2
2021-09-17 00:23:46,813 INFO Iteration = 2
2021-09-17 00:23:46,814 INFO Source weights = {'Education': {'find.jobs': 2.8763855159214247, 'internsteps.com': 2.2735975561207926, 'pro-profiles.com': 1.8718021769015918, 'pipl.com': 3.5973122605884478}, 'Location': {'find.jobs': 1.3143208614948012, 'internsteps.com': 2.0149030205422647, 'pro-profiles.com': 1.8055527913603904, 'pipl.com': 0.8194409058842373}, 'Working Experience': {'find.jobs': 2.8094026953624986, 'internsteps.com': 2.6149597780361975, 'pro-profiles.com': 1.9459101490553132, 'pipl.com': 2.3025850929940455}, 'Name': {'find.jobs': 0.6486954179891115, 'internsteps.com': 1.2431935174792175, 'pro-profiles.com': 3.060270794691562, 'pipl.com': 4.1896547420264225}}
2021-09-17 00:23:46,814 INFO Source weights = {'Education': {'find.jobs': 2.8763855159214247, 'internsteps.com': 2.2735975561207926, 'pro-profiles.com': 1.8718021769015918, 'pipl.com': 3.5973122605884478}, 'Location': {'find.jobs': 1.3143208614948012, 'internsteps.com': 2.0149030205422647, 'pro-profiles.com': 1.8055527913603904, 'pipl.com': 0.8194409058842373}, 'Working Experience': {'find.jobs': 2.8094026953624986, 'internsteps.com': 2.6149597780361975, 'pro-profiles.com': 1.9459101490553132, 'pipl.com': 2.3025850929940455}, 'Name': {'find.jobs': 0.6486954179891115, 'internsteps.com': 1.2431935174792175, 'pro-profiles.com': 3.060270794691562, 'pipl.com': 4.1896547420264225}}
2021-09-17 00:23:46,820 INFO Iteration = 3
2021-09-17 00:23:46,820 INFO Iteration = 3
2021-09-17 00:23:46,822 INFO Source weights = {'Education': {'find.jobs': 2.8763855159214247, 'internsteps.com': 2.2735975561207926, 'pro-profiles.com': 1.8718021769015918, 'pipl.com': 3.5973122605884478}, 'Location': {'find.jobs': 1.3143208614948012, 'internsteps.com': 2.0149030205422647, 'pro-profiles.com': 1.8055527913603904, 'pipl.com': 0.8194409058842373}, 'Working Experience': {'find.jobs': 2.8094026953624986, 'internsteps.com': 2.6149597780361975, 'pro-profiles.com': 1.9459101490553132, 'pipl.com': 2.3025850929940455}, 'Name': {'find.jobs': 0.7156200364120041, 'internsteps.com': 1.1592369104845444, 'pro-profiles.com': 2.756840365271643, 'pipl.com': 4.595119850134589}}
2021-09-17 00:23:46,822 INFO Source weights = {'Education': {'find.jobs': 2.8763855159214247, 'internsteps.com': 2.2735975561207926, 'pro-profiles.com': 1.8718021769015918, 'pipl.com': 3.5973122605884478}, 'Location': {'find.jobs': 1.3143208614948012, 'internsteps.com': 2.0149030205422647, 'pro-profiles.com': 1.8055527913603904, 'pipl.com': 0.8194409058842373}, 'Working Experience': {'find.jobs': 2.8094026953624986, 'internsteps.com': 2.6149597780361975, 'pro-profiles.com': 1.9459101490553132, 'pipl.com': 2.3025850929940455}, 'Name': {'find.jobs': 0.7156200364120041, 'internsteps.com': 1.1592369104845444, 'pro-profiles.com': 2.756840365271643, 'pipl.com': 4.595119850134589}}
2021-09-17 00:23:46,827 INFO Iteration = 4
2021-09-17 00:23:46,827 INFO Iteration = 4
2021-09-17 00:23:46,828 INFO Source weights = {'Education': {'find.jobs': 2.8763855159214247, 'internsteps.com': 2.2735975561207926, 'pro-profiles.com': 1.8718021769015918, 'pipl.com': 3.5973122605884478}, 'Location': {'find.jobs': 1.3143208614948012, 'internsteps.com': 2.0149030205422647, 'pro-profiles.com': 1.8055527913603904, 'pipl.com': 0.8194409058842373}, 'Working Experience': {'find.jobs': 2.8094026953624986, 'internsteps.com': 2.6149597780361975, 'pro-profiles.com': 1.9459101490553132, 'pipl.com': 2.3025850929940455}, 'Name': {'find.jobs': 0.7156200364120041, 'internsteps.com': 1.1592369104845444, 'pro-profiles.com': 2.756840365271643, 'pipl.com': 4.595119850134589}}
2021-09-17 00:23:46,828 INFO Source weights = {'Education': {'find.jobs': 2.8763855159214247, 'internsteps.com': 2.2735975561207926, 'pro-profiles.com': 1.8718021769015918, 'pipl.com': 3.5973122605884478}, 'Location': {'find.jobs': 1.3143208614948012, 'internsteps.com': 2.0149030205422647, 'pro-profiles.com': 1.8055527913603904, 'pipl.com': 0.8194409058842373}, 'Working Experience': {'find.jobs': 2.8094026953624986, 'internsteps.com': 2.6149597780361975, 'pro-profiles.com': 1.9459101490553132, 'pipl.com': 2.3025850929940455}, 'Name': {'find.jobs': 0.7156200364120041, 'internsteps.com': 1.1592369104845444, 'pro-profiles.com': 2.756840365271643, 'pipl.com': 4.595119850134589}}
2021-09-17 00:23:46,834 INFO Iteration = 5
2021-09-17 00:23:46,834 INFO Iteration = 5
2021-09-17 00:23:46,835 INFO Source weights = {'Education': {'find.jobs': 2.8763855159214247, 'internsteps.com': 2.2735975561207926, 'pro-profiles.com': 1.8718021769015918, 'pipl.com': 3.5973122605884478}, 'Location': {'find.jobs': 1.3143208614948012, 'internsteps.com': 2.0149030205422647, 'pro-profiles.com': 1.8055527913603904, 'pipl.com': 0.8194409058842373}, 'Working Experience': {'find.jobs': 2.8094026953624986, 'internsteps.com': 2.6149597780361975, 'pro-profiles.com': 1.9459101490553132, 'pipl.com': 2.3025850929940455}, 'Name': {'find.jobs': 0.7156200364120041, 'internsteps.com': 1.1592369104845444, 'pro-profiles.com': 2.756840365271643, 'pipl.com': 4.595119850134589}}
2021-09-17 00:23:46,835 INFO Source weights = {'Education': {'find.jobs': 2.8763855159214247, 'internsteps.com': 2.2735975561207926, 'pro-profiles.com': 1.8718021769015918, 'pipl.com': 3.5973122605884478}, 'Location': {'find.jobs': 1.3143208614948012, 'internsteps.com': 2.0149030205422647, 'pro-profiles.com': 1.8055527913603904, 'pipl.com': 0.8194409058842373}, 'Working Experience': {'find.jobs': 2.8094026953624986, 'internsteps.com': 2.6149597780361975, 'pro-profiles.com': 1.9459101490553132, 'pipl.com': 2.3025850929940455}, 'Name': {'find.jobs': 0.7156200364120041, 'internsteps.com': 1.1592369104845444, 'pro-profiles.com': 2.756840365271643, 'pipl.com': 4.595119850134589}}
2021-09-17 00:23:46,842 INFO Iteration = 6
2021-09-17 00:23:46,842 INFO Iteration = 6
2021-09-17 00:23:46,844 INFO Source weights = {'Education': {'find.jobs': 2.8763855159214247, 'internsteps.com': 2.2735975561207926, 'pro-profiles.com': 1.8718021769015918, 'pipl.com': 3.5973122605884478}, 'Location': {'find.jobs': 1.3143208614948012, 'internsteps.com': 2.0149030205422647, 'pro-profiles.com': 1.8055527913603904, 'pipl.com': 0.8194409058842373}, 'Working Experience': {'find.jobs': 2.8094026953624986, 'internsteps.com': 2.6149597780361975, 'pro-profiles.com': 1.9459101490553132, 'pipl.com': 2.3025850929940455}, 'Name': {'find.jobs': 0.7156200364120041, 'internsteps.com': 1.1592369104845444, 'pro-profiles.com': 2.756840365271643, 'pipl.com': 4.595119850134589}}
2021-09-17 00:23:46,844 INFO Source weights = {'Education': {'find.jobs': 2.8763855159214247, 'internsteps.com': 2.2735975561207926, 'pro-profiles.com': 1.8718021769015918, 'pipl.com': 3.5973122605884478}, 'Location': {'find.jobs': 1.3143208614948012, 'internsteps.com': 2.0149030205422647, 'pro-profiles.com': 1.8055527913603904, 'pipl.com': 0.8194409058842373}, 'Working Experience': {'find.jobs': 2.8094026953624986, 'internsteps.com': 2.6149597780361975, 'pro-profiles.com': 1.9459101490553132, 'pipl.com': 2.3025850929940455}, 'Name': {'find.jobs': 0.7156200364120041, 'internsteps.com': 1.1592369104845444, 'pro-profiles.com': 2.756840365271643, 'pipl.com': 4.595119850134589}}
2021-09-17 00:23:46,849 INFO Iteration = 7
2021-09-17 00:23:46,849 INFO Iteration = 7
2021-09-17 00:23:46,851 INFO Source weights = {'Education': {'find.jobs': 2.8763855159214247, 'internsteps.com': 2.2735975561207926, 'pro-profiles.com': 1.8718021769015918, 'pipl.com': 3.5973122605884478}, 'Location': {'find.jobs': 1.3143208614948012, 'internsteps.com': 2.0149030205422647, 'pro-profiles.com': 1.8055527913603904, 'pipl.com': 0.8194409058842373}, 'Working Experience': {'find.jobs': 2.8094026953624986, 'internsteps.com': 2.6149597780361975, 'pro-profiles.com': 1.9459101490553132, 'pipl.com': 2.3025850929940455}, 'Name': {'find.jobs': 0.7156200364120041, 'internsteps.com': 1.1592369104845444, 'pro-profiles.com': 2.756840365271643, 'pipl.com': 4.595119850134589}}
2021-09-17 00:23:46,851 INFO Source weights = {'Education': {'find.jobs': 2.8763855159214247, 'internsteps.com': 2.2735975561207926, 'pro-profiles.com': 1.8718021769015918, 'pipl.com': 3.5973122605884478}, 'Location': {'find.jobs': 1.3143208614948012, 'internsteps.com': 2.0149030205422647, 'pro-profiles.com': 1.8055527913603904, 'pipl.com': 0.8194409058842373}, 'Working Experience': {'find.jobs': 2.8094026953624986, 'internsteps.com': 2.6149597780361975, 'pro-profiles.com': 1.9459101490553132, 'pipl.com': 2.3025850929940455}, 'Name': {'find.jobs': 0.7156200364120041, 'internsteps.com': 1.1592369104845444, 'pro-profiles.com': 2.756840365271643, 'pipl.com': 4.595119850134589}}
2021-09-17 00:23:46,856 INFO Iteration = 8
2021-09-17 00:23:46,856 INFO Iteration = 8
2021-09-17 00:23:46,858 INFO Source weights = {'Education': {'find.jobs': 2.8763855159214247, 'internsteps.com': 2.2735975561207926, 'pro-profiles.com': 1.8718021769015918, 'pipl.com': 3.5973122605884478}, 'Location': {'find.jobs': 1.3143208614948012, 'internsteps.com': 2.0149030205422647, 'pro-profiles.com': 1.8055527913603904, 'pipl.com': 0.8194409058842373}, 'Working Experience': {'find.jobs': 2.8094026953624986, 'internsteps.com': 2.6149597780361975, 'pro-profiles.com': 1.9459101490553132, 'pipl.com': 2.3025850929940455}, 'Name': {'find.jobs': 0.7156200364120041, 'internsteps.com': 1.1592369104845444, 'pro-profiles.com': 2.756840365271643, 'pipl.com': 4.595119850134589}}
2021-09-17 00:23:46,858 INFO Source weights = {'Education': {'find.jobs': 2.8763855159214247, 'internsteps.com': 2.2735975561207926, 'pro-profiles.com': 1.8718021769015918, 'pipl.com': 3.5973122605884478}, 'Location': {'find.jobs': 1.3143208614948012, 'internsteps.com': 2.0149030205422647, 'pro-profiles.com': 1.8055527913603904, 'pipl.com': 0.8194409058842373}, 'Working Experience': {'find.jobs': 2.8094026953624986, 'internsteps.com': 2.6149597780361975, 'pro-profiles.com': 1.9459101490553132, 'pipl.com': 2.3025850929940455}, 'Name': {'find.jobs': 0.7156200364120041, 'internsteps.com': 1.1592369104845444, 'pro-profiles.com': 2.756840365271643, 'pipl.com': 4.595119850134589}}
2021-09-17 00:23:46,864 INFO Iteration = 9
2021-09-17 00:23:46,864 INFO Iteration = 9
2021-09-17 00:23:46,865 INFO Source weights = {'Education': {'find.jobs': 2.8763855159214247, 'internsteps.com': 2.2735975561207926, 'pro-profiles.com': 1.8718021769015918, 'pipl.com': 3.5973122605884478}, 'Location': {'find.jobs': 1.3143208614948012, 'internsteps.com': 2.0149030205422647, 'pro-profiles.com': 1.8055527913603904, 'pipl.com': 0.8194409058842373}, 'Working Experience': {'find.jobs': 2.8094026953624986, 'internsteps.com': 2.6149597780361975, 'pro-profiles.com': 1.9459101490553132, 'pipl.com': 2.3025850929940455}, 'Name': {'find.jobs': 0.7156200364120041, 'internsteps.com': 1.1592369104845444, 'pro-profiles.com': 2.756840365271643, 'pipl.com': 4.595119850134589}}
2021-09-17 00:23:46,865 INFO Source weights = {'Education': {'find.jobs': 2.8763855159214247, 'internsteps.com': 2.2735975561207926, 'pro-profiles.com': 1.8718021769015918, 'pipl.com': 3.5973122605884478}, 'Location': {'find.jobs': 1.3143208614948012, 'internsteps.com': 2.0149030205422647, 'pro-profiles.com': 1.8055527913603904, 'pipl.com': 0.8194409058842373}, 'Working Experience': {'find.jobs': 2.8094026953624986, 'internsteps.com': 2.6149597780361975, 'pro-profiles.com': 1.9459101490553132, 'pipl.com': 2.3025850929940455}, 'Name': {'find.jobs': 0.7156200364120041, 'internsteps.com': 1.1592369104845444, 'pro-profiles.com': 2.756840365271643, 'pipl.com': 4.595119850134589}}
2021-09-17 00:25:47,120 INFO Running fusion for 10 iterations.
2021-09-17 00:25:47,120 INFO Running fusion for 10 iterations.
2021-09-17 00:25:47,121 INFO Iteration = 0
2021-09-17 00:25:47,121 INFO Iteration = 0
2021-09-17 00:25:47,122 INFO Source weights = {'Education': {'find.jobs': 1.0, 'internsteps.com': 1.0, 'pro-profiles.com': 1.0, 'pipl.com': 1.0}, 'Location': {'find.jobs': 1.0, 'internsteps.com': 1.0, 'pro-profiles.com': 1.0, 'pipl.com': 1.0}, 'Working Experience': {'find.jobs': 1.0, 'internsteps.com': 1.0, 'pro-profiles.com': 1.0, 'pipl.com': 1.0}, 'Name': {'find.jobs': 1.0, 'internsteps.com': 1.0, 'pro-profiles.com': 1.0, 'pipl.com': 1.0}}
2021-09-17 00:25:47,122 INFO Source weights = {'Education': {'find.jobs': 1.0, 'internsteps.com': 1.0, 'pro-profiles.com': 1.0, 'pipl.com': 1.0}, 'Location': {'find.jobs': 1.0, 'internsteps.com': 1.0, 'pro-profiles.com': 1.0, 'pipl.com': 1.0}, 'Working Experience': {'find.jobs': 1.0, 'internsteps.com': 1.0, 'pro-profiles.com': 1.0, 'pipl.com': 1.0}, 'Name': {'find.jobs': 1.0, 'internsteps.com': 1.0, 'pro-profiles.com': 1.0, 'pipl.com': 1.0}}
2021-09-17 01:02:42,637 INFO Running fusion for 10 iterations.
2021-09-17 01:02:42,637 INFO Running fusion for 10 iterations.
2021-09-17 01:02:42,645 INFO Iteration = 0
2021-09-17 01:02:42,645 INFO Iteration = 0
2021-09-17 01:02:42,647 INFO Source weights = {'Education': {'find.jobs': 1.0, 'internsteps.com': 1.0, 'pro-profiles.com': 1.0, 'pipl.com': 1.0}, 'Location': {'find.jobs': 1.0, 'internsteps.com': 1.0, 'pro-profiles.com': 1.0, 'pipl.com': 1.0}, 'Working Experience': {'find.jobs': 1.0, 'internsteps.com': 1.0, 'pro-profiles.com': 1.0, 'pipl.com': 1.0}, 'Name': {'find.jobs': 1.0, 'internsteps.com': 1.0, 'pro-profiles.com': 1.0, 'pipl.com': 1.0}}
2021-09-17 01:02:42,647 INFO Source weights = {'Education': {'find.jobs': 1.0, 'internsteps.com': 1.0, 'pro-profiles.com': 1.0, 'pipl.com': 1.0}, 'Location': {'find.jobs': 1.0, 'internsteps.com': 1.0, 'pro-profiles.com': 1.0, 'pipl.com': 1.0}, 'Working Experience': {'find.jobs': 1.0, 'internsteps.com': 1.0, 'pro-profiles.com': 1.0, 'pipl.com': 1.0}, 'Name': {'find.jobs': 1.0, 'internsteps.com': 1.0, 'pro-profiles.com': 1.0, 'pipl.com': 1.0}}
2021-09-17 01:02:43,045 INFO Iteration = 1
2021-09-17 01:02:43,045 INFO Iteration = 1
2021-09-17 01:02:43,047 INFO Source weights = {'Education': {'find.jobs': 2.6554064676167886, 'internsteps.com': 3.012261575505199, 'pro-profiles.com': 2.607966742545224, 'pipl.com': 2.71825437127645}, 'Location': {'find.jobs': 4.595119850134589, 'internsteps.com': 4.595119850134589, 'pro-profiles.com': 4.595119850134589, 'pipl.com': 4.595119850134589}, 'Working Experience': {'find.jobs': 4.595119850134589, 'internsteps.com': 4.595119850134589, 'pro-profiles.com': 4.553876891600534, 'pipl.com': 4.595119850134589}, 'Name': {'find.jobs': 4.595119850134589, 'internsteps.com': 4.595119850134589, 'pro-profiles.com': 4.595119850134589, 'pipl.com': 4.595119850134589}}
2021-09-17 01:02:43,047 INFO Source weights = {'Education': {'find.jobs': 2.6554064676167886, 'internsteps.com': 3.012261575505199, 'pro-profiles.com': 2.607966742545224, 'pipl.com': 2.71825437127645}, 'Location': {'find.jobs': 4.595119850134589, 'internsteps.com': 4.595119850134589, 'pro-profiles.com': 4.595119850134589, 'pipl.com': 4.595119850134589}, 'Working Experience': {'find.jobs': 4.595119850134589, 'internsteps.com': 4.595119850134589, 'pro-profiles.com': 4.553876891600534, 'pipl.com': 4.595119850134589}, 'Name': {'find.jobs': 4.595119850134589, 'internsteps.com': 4.595119850134589, 'pro-profiles.com': 4.595119850134589, 'pipl.com': 4.595119850134589}}
2021-09-17 01:02:43,371 INFO Iteration = 2
2021-09-17 01:02:43,371 INFO Iteration = 2
2021-09-17 01:02:43,372 INFO Source weights = {'Education': {'find.jobs': 2.575878427993727, 'internsteps.com': 2.9014215940827466, 'pro-profiles.com': 2.5336968139574294, 'pipl.com': 2.9957322735539873}, 'Location': {'find.jobs': 4.595119850134589, 'internsteps.com': 4.595119850134589, 'pro-profiles.com': 4.595119850134589, 'pipl.com': 4.595119850134589}, 'Working Experience': {'find.jobs': 4.595119850134589, 'internsteps.com': 4.595119850134589, 'pro-profiles.com': 4.553876891600534, 'pipl.com': 4.595119850134589}, 'Name': {'find.jobs': 4.595119850134589, 'internsteps.com': 4.595119850134589, 'pro-profiles.com': 4.595119850134589, 'pipl.com': 4.595119850134589}}
2021-09-17 01:02:43,372 INFO Source weights = {'Education': {'find.jobs': 2.575878427993727, 'internsteps.com': 2.9014215940827466, 'pro-profiles.com': 2.5336968139574294, 'pipl.com': 2.9957322735539873}, 'Location': {'find.jobs': 4.595119850134589, 'internsteps.com': 4.595119850134589, 'pro-profiles.com': 4.595119850134589, 'pipl.com': 4.595119850134589}, 'Working Experience': {'find.jobs': 4.595119850134589, 'internsteps.com': 4.595119850134589, 'pro-profiles.com': 4.553876891600534, 'pipl.com': 4.595119850134589}, 'Name': {'find.jobs': 4.595119850134589, 'internsteps.com': 4.595119850134589, 'pro-profiles.com': 4.595119850134589, 'pipl.com': 4.595119850134589}}
2021-09-17 01:02:43,692 INFO Iteration = 3
2021-09-17 01:02:43,692 INFO Iteration = 3
2021-09-17 01:02:43,694 INFO Source weights = {'Education': {'find.jobs': 2.575878427993727, 'internsteps.com': 2.9014215940827466, 'pro-profiles.com': 2.5336968139574294, 'pipl.com': 2.9957322735539873}, 'Location': {'find.jobs': 4.595119850134589, 'internsteps.com': 4.595119850134589, 'pro-profiles.com': 4.595119850134589, 'pipl.com': 4.595119850134589}, 'Working Experience': {'find.jobs': 4.595119850134589, 'internsteps.com': 4.595119850134589, 'pro-profiles.com': 4.553876891600534, 'pipl.com': 4.595119850134589}, 'Name': {'find.jobs': 4.595119850134589, 'internsteps.com': 4.595119850134589, 'pro-profiles.com': 4.595119850134589, 'pipl.com': 4.595119850134589}}
2021-09-17 01:02:43,694 INFO Source weights = {'Education': {'find.jobs': 2.575878427993727, 'internsteps.com': 2.9014215940827466, 'pro-profiles.com': 2.5336968139574294, 'pipl.com': 2.9957322735539873}, 'Location': {'find.jobs': 4.595119850134589, 'internsteps.com': 4.595119850134589, 'pro-profiles.com': 4.595119850134589, 'pipl.com': 4.595119850134589}, 'Working Experience': {'find.jobs': 4.595119850134589, 'internsteps.com': 4.595119850134589, 'pro-profiles.com': 4.553876891600534, 'pipl.com': 4.595119850134589}, 'Name': {'find.jobs': 4.595119850134589, 'internsteps.com': 4.595119850134589, 'pro-profiles.com': 4.595119850134589, 'pipl.com': 4.595119850134589}}
2021-09-17 01:02:44,013 INFO Iteration = 4
2021-09-17 01:02:44,013 INFO Iteration = 4
2021-09-17 01:02:44,016 INFO Source weights = {'Education': {'find.jobs': 2.575878427993727, 'internsteps.com': 2.9014215940827466, 'pro-profiles.com': 2.5336968139574294, 'pipl.com': 2.9957322735539873}, 'Location': {'find.jobs': 4.595119850134589, 'internsteps.com': 4.595119850134589, 'pro-profiles.com': 4.595119850134589, 'pipl.com': 4.595119850134589}, 'Working Experience': {'find.jobs': 4.595119850134589, 'internsteps.com': 4.595119850134589, 'pro-profiles.com': 4.553876891600534, 'pipl.com': 4.595119850134589}, 'Name': {'find.jobs': 4.595119850134589, 'internsteps.com': 4.595119850134589, 'pro-profiles.com': 4.595119850134589, 'pipl.com': 4.595119850134589}}
2021-09-17 01:02:44,016 INFO Source weights = {'Education': {'find.jobs': 2.575878427993727, 'internsteps.com': 2.9014215940827466, 'pro-profiles.com': 2.5336968139574294, 'pipl.com': 2.9957322735539873}, 'Location': {'find.jobs': 4.595119850134589, 'internsteps.com': 4.595119850134589, 'pro-profiles.com': 4.595119850134589, 'pipl.com': 4.595119850134589}, 'Working Experience': {'find.jobs': 4.595119850134589, 'internsteps.com': 4.595119850134589, 'pro-profiles.com': 4.553876891600534, 'pipl.com': 4.595119850134589}, 'Name': {'find.jobs': 4.595119850134589, 'internsteps.com': 4.595119850134589, 'pro-profiles.com': 4.595119850134589, 'pipl.com': 4.595119850134589}}
2021-09-17 01:02:44,326 INFO Iteration = 5
2021-09-17 01:02:44,326 INFO Iteration = 5
2021-09-17 01:02:44,328 INFO Source weights = {'Education': {'find.jobs': 2.575878427993727, 'internsteps.com': 2.9014215940827466, 'pro-profiles.com': 2.5336968139574294, 'pipl.com': 2.9957322735539873}, 'Location': {'find.jobs': 4.595119850134589, 'internsteps.com': 4.595119850134589, 'pro-profiles.com': 4.595119850134589, 'pipl.com': 4.595119850134589}, 'Working Experience': {'find.jobs': 4.595119850134589, 'internsteps.com': 4.595119850134589, 'pro-profiles.com': 4.553876891600534, 'pipl.com': 4.595119850134589}, 'Name': {'find.jobs': 4.595119850134589, 'internsteps.com': 4.595119850134589, 'pro-profiles.com': 4.595119850134589, 'pipl.com': 4.595119850134589}}
2021-09-17 01:02:44,328 INFO Source weights = {'Education': {'find.jobs': 2.575878427993727, 'internsteps.com': 2.9014215940827466, 'pro-profiles.com': 2.5336968139574294, 'pipl.com': 2.9957322735539873}, 'Location': {'find.jobs': 4.595119850134589, 'internsteps.com': 4.595119850134589, 'pro-profiles.com': 4.595119850134589, 'pipl.com': 4.595119850134589}, 'Working Experience': {'find.jobs': 4.595119850134589, 'internsteps.com': 4.595119850134589, 'pro-profiles.com': 4.553876891600534, 'pipl.com': 4.595119850134589}, 'Name': {'find.jobs': 4.595119850134589, 'internsteps.com': 4.595119850134589, 'pro-profiles.com': 4.595119850134589, 'pipl.com': 4.595119850134589}}
2021-09-17 01:02:44,662 INFO Iteration = 6
2021-09-17 01:02:44,662 INFO Iteration = 6
2021-09-17 01:02:44,663 INFO Source weights = {'Education': {'find.jobs': 2.575878427993727, 'internsteps.com': 2.9014215940827466, 'pro-profiles.com': 2.5336968139574294, 'pipl.com': 2.9957322735539873}, 'Location': {'find.jobs': 4.595119850134589, 'internsteps.com': 4.595119850134589, 'pro-profiles.com': 4.595119850134589, 'pipl.com': 4.595119850134589}, 'Working Experience': {'find.jobs': 4.595119850134589, 'internsteps.com': 4.595119850134589, 'pro-profiles.com': 4.553876891600534, 'pipl.com': 4.595119850134589}, 'Name': {'find.jobs': 4.595119850134589, 'internsteps.com': 4.595119850134589, 'pro-profiles.com': 4.595119850134589, 'pipl.com': 4.595119850134589}}
2021-09-17 01:02:44,663 INFO Source weights = {'Education': {'find.jobs': 2.575878427993727, 'internsteps.com': 2.9014215940827466, 'pro-profiles.com': 2.5336968139574294, 'pipl.com': 2.9957322735539873}, 'Location': {'find.jobs': 4.595119850134589, 'internsteps.com': 4.595119850134589, 'pro-profiles.com': 4.595119850134589, 'pipl.com': 4.595119850134589}, 'Working Experience': {'find.jobs': 4.595119850134589, 'internsteps.com': 4.595119850134589, 'pro-profiles.com': 4.553876891600534, 'pipl.com': 4.595119850134589}, 'Name': {'find.jobs': 4.595119850134589, 'internsteps.com': 4.595119850134589, 'pro-profiles.com': 4.595119850134589, 'pipl.com': 4.595119850134589}}
2021-09-17 01:02:44,970 INFO Iteration = 7
2021-09-17 01:02:44,970 INFO Iteration = 7
2021-09-17 01:02:44,972 INFO Source weights = {'Education': {'find.jobs': 2.575878427993727, 'internsteps.com': 2.9014215940827466, 'pro-profiles.com': 2.5336968139574294, 'pipl.com': 2.9957322735539873}, 'Location': {'find.jobs': 4.595119850134589, 'internsteps.com': 4.595119850134589, 'pro-profiles.com': 4.595119850134589, 'pipl.com': 4.595119850134589}, 'Working Experience': {'find.jobs': 4.595119850134589, 'internsteps.com': 4.595119850134589, 'pro-profiles.com': 4.553876891600534, 'pipl.com': 4.595119850134589}, 'Name': {'find.jobs': 4.595119850134589, 'internsteps.com': 4.595119850134589, 'pro-profiles.com': 4.595119850134589, 'pipl.com': 4.595119850134589}}
2021-09-17 01:02:44,972 INFO Source weights = {'Education': {'find.jobs': 2.575878427993727, 'internsteps.com': 2.9014215940827466, 'pro-profiles.com': 2.5336968139574294, 'pipl.com': 2.9957322735539873}, 'Location': {'find.jobs': 4.595119850134589, 'internsteps.com': 4.595119850134589, 'pro-profiles.com': 4.595119850134589, 'pipl.com': 4.595119850134589}, 'Working Experience': {'find.jobs': 4.595119850134589, 'internsteps.com': 4.595119850134589, 'pro-profiles.com': 4.553876891600534, 'pipl.com': 4.595119850134589}, 'Name': {'find.jobs': 4.595119850134589, 'internsteps.com': 4.595119850134589, 'pro-profiles.com': 4.595119850134589, 'pipl.com': 4.595119850134589}}
2021-09-17 01:02:45,283 INFO Iteration = 8
2021-09-17 01:02:45,283 INFO Iteration = 8
2021-09-17 01:02:45,285 INFO Source weights = {'Education': {'find.jobs': 2.575878427993727, 'internsteps.com': 2.9014215940827466, 'pro-profiles.com': 2.5336968139574294, 'pipl.com': 2.9957322735539873}, 'Location': {'find.jobs': 4.595119850134589, 'internsteps.com': 4.595119850134589, 'pro-profiles.com': 4.595119850134589, 'pipl.com': 4.595119850134589}, 'Working Experience': {'find.jobs': 4.595119850134589, 'internsteps.com': 4.595119850134589, 'pro-profiles.com': 4.553876891600534, 'pipl.com': 4.595119850134589}, 'Name': {'find.jobs': 4.595119850134589, 'internsteps.com': 4.595119850134589, 'pro-profiles.com': 4.595119850134589, 'pipl.com': 4.595119850134589}}
2021-09-17 01:02:45,285 INFO Source weights = {'Education': {'find.jobs': 2.575878427993727, 'internsteps.com': 2.9014215940827466, 'pro-profiles.com': 2.5336968139574294, 'pipl.com': 2.9957322735539873}, 'Location': {'find.jobs': 4.595119850134589, 'internsteps.com': 4.595119850134589, 'pro-profiles.com': 4.595119850134589, 'pipl.com': 4.595119850134589}, 'Working Experience': {'find.jobs': 4.595119850134589, 'internsteps.com': 4.595119850134589, 'pro-profiles.com': 4.553876891600534, 'pipl.com': 4.595119850134589}, 'Name': {'find.jobs': 4.595119850134589, 'internsteps.com': 4.595119850134589, 'pro-profiles.com': 4.595119850134589, 'pipl.com': 4.595119850134589}}
2021-09-17 01:02:45,598 INFO Iteration = 9
2021-09-17 01:02:45,598 INFO Iteration = 9
2021-09-17 01:02:45,599 INFO Source weights = {'Education': {'find.jobs': 2.575878427993727, 'internsteps.com': 2.9014215940827466, 'pro-profiles.com': 2.5336968139574294, 'pipl.com': 2.9957322735539873}, 'Location': {'find.jobs': 4.595119850134589, 'internsteps.com': 4.595119850134589, 'pro-profiles.com': 4.595119850134589, 'pipl.com': 4.595119850134589}, 'Working Experience': {'find.jobs': 4.595119850134589, 'internsteps.com': 4.595119850134589, 'pro-profiles.com': 4.553876891600534, 'pipl.com': 4.595119850134589}, 'Name': {'find.jobs': 4.595119850134589, 'internsteps.com': 4.595119850134589, 'pro-profiles.com': 4.595119850134589, 'pipl.com': 4.595119850134589}}
2021-09-17 01:02:45,599 INFO Source weights = {'Education': {'find.jobs': 2.575878427993727, 'internsteps.com': 2.9014215940827466, 'pro-profiles.com': 2.5336968139574294, 'pipl.com': 2.9957322735539873}, 'Location': {'find.jobs': 4.595119850134589, 'internsteps.com': 4.595119850134589, 'pro-profiles.com': 4.595119850134589, 'pipl.com': 4.595119850134589}, 'Working Experience': {'find.jobs': 4.595119850134589, 'internsteps.com': 4.595119850134589, 'pro-profiles.com': 4.553876891600534, 'pipl.com': 4.595119850134589}, 'Name': {'find.jobs': 4.595119850134589, 'internsteps.com': 4.595119850134589, 'pro-profiles.com': 4.595119850134589, 'pipl.com': 4.595119850134589}}
2021-09-17 01:13:02,524 INFO Connection established to database.
2021-09-17 01:13:02,524 INFO Connection established to database.
2021-09-17 01:13:02,524 INFO Connection established to database.
